2022-04-13 20:42:48.857  INFO 15123 --- [restartedMain] b.c.l.cursosead.CursosEadApplication     : Starting CursosEadApplication using Java 11.0.14.1 on haron-Inspiron-5557 with PID 15123 (/home/haron/CursosEAD/target/classes started by haron in /home/haron/CursosEAD)
2022-04-13 20:42:48.858 DEBUG 15123 --- [restartedMain] b.c.l.cursosead.CursosEadApplication     : Running with Spring Boot v2.6.6, Spring v5.3.18
2022-04-13 20:42:48.858  INFO 15123 --- [restartedMain] b.c.l.cursosead.CursosEadApplication     : No active profile set, falling back to 1 default profile: "default"
2022-04-13 20:42:49.212  INFO 15123 --- [restartedMain] .s.d.r.c.RepositoryConfigurationDelegate : Bootstrapping Spring Data JPA repositories in DEFAULT mode.
2022-04-13 20:42:49.233  INFO 15123 --- [restartedMain] .s.d.r.c.RepositoryConfigurationDelegate : Finished Spring Data repository scanning in 20 ms. Found 2 JPA repository interfaces.
2022-04-13 20:42:49.368  INFO 15123 --- [restartedMain] o.s.b.w.embedded.tomcat.TomcatWebServer  : Tomcat initialized with port(s): 8080 (http)
2022-04-13 20:42:49.370  INFO 15123 --- [restartedMain] o.apache.catalina.core.StandardService   : Starting service [Tomcat]
2022-04-13 20:42:49.371  INFO 15123 --- [restartedMain] org.apache.catalina.core.StandardEngine  : Starting Servlet engine: [Apache Tomcat/9.0.60]
2022-04-13 20:42:49.398  INFO 15123 --- [restartedMain] o.a.c.c.C.[Tomcat].[localhost].[/]       : Initializing Spring embedded WebApplicationContext
2022-04-13 20:42:49.398  INFO 15123 --- [restartedMain] w.s.c.ServletWebServerApplicationContext : Root WebApplicationContext: initialization completed in 535 ms
2022-04-13 20:42:49.453  INFO 15123 --- [restartedMain] com.zaxxer.hikari.HikariDataSource       : HikariPool-7 - Starting...
2022-04-13 20:42:49.468  INFO 15123 --- [restartedMain] com.zaxxer.hikari.HikariDataSource       : HikariPool-7 - Start completed.
2022-04-13 20:42:49.468  INFO 15123 --- [restartedMain] o.s.b.a.h2.H2ConsoleAutoConfiguration    : H2 console available at '/h2-ui'. Database available at 'jdbc:h2:mem:cursodb'
2022-04-13 20:42:49.517  INFO 15123 --- [restartedMain] o.hibernate.jpa.internal.util.LogHelper  : HHH000204: Processing PersistenceUnitInfo [name: default]
2022-04-13 20:42:49.539  INFO 15123 --- [restartedMain] org.hibernate.dialect.Dialect            : HHH000400: Using dialect: org.hibernate.dialect.H2Dialect
2022-04-13 20:42:49.632  INFO 15123 --- [restartedMain] o.h.e.t.j.p.i.JtaPlatformInitiator       : HHH000490: Using JtaPlatform implementation: [org.hibernate.engine.transaction.jta.platform.internal.NoJtaPlatform]
2022-04-13 20:42:49.633  INFO 15123 --- [restartedMain] j.LocalContainerEntityManagerFactoryBean : Initialized JPA EntityManagerFactory for persistence unit 'default'
2022-04-13 20:42:49.786  WARN 15123 --- [restartedMain] JpaBaseConfiguration$JpaWebConfiguration : spring.jpa.open-in-view is enabled by default. Therefore, database queries may be performed during view rendering. Explicitly configure spring.jpa.open-in-view to disable this warning
2022-04-13 20:42:49.971  INFO 15123 --- [restartedMain] o.s.b.d.a.OptionalLiveReloadServer       : LiveReload server is running on port 35729
2022-04-13 20:42:50.052  INFO 15123 --- [restartedMain] o.s.b.w.embedded.tomcat.TomcatWebServer  : Tomcat started on port(s): 8080 (http) with context path ''
2022-04-13 20:42:50.059  INFO 15123 --- [restartedMain] b.c.l.cursosead.CursosEadApplication     : Started CursosEadApplication in 1.253 seconds (JVM running for 396.522)
2022-04-13 20:42:50.064  INFO 15123 --- [restartedMain] .ConditionEvaluationDeltaLoggingListener : Condition evaluation unchanged
2022-04-13 20:43:01.616  INFO 15123 --- [http-nio-8080-exec-2] o.a.c.c.C.[Tomcat].[localhost].[/]       : Initializing Spring DispatcherServlet 'dispatcherServlet'
2022-04-13 20:43:01.617  INFO 15123 --- [http-nio-8080-exec-2] o.s.web.servlet.DispatcherServlet        : Initializing Servlet 'dispatcherServlet'
2022-04-13 20:43:01.619  INFO 15123 --- [http-nio-8080-exec-2] o.s.web.servlet.DispatcherServlet        : Completed initialization in 2 ms
2022-04-13 20:43:01.647 DEBUG 15123 --- [http-nio-8080-exec-2] b.c.l.cursosead.controller.CursoAdvice   : Erro no campo alunos[].matricula mensagem erro Matrícula fora do padrão - formato: ALXXXX
2022-04-13 20:43:01.650  WARN 15123 --- [http-nio-8080-exec-2] .m.m.a.ExceptionHandlerExceptionResolver : Resolved [org.springframework.web.bind.MethodArgumentNotValidException: Validation failed for argument [0] in public org.springframework.http.ResponseEntity br.com.letscode.cursosead.controller.CursoController.salvar(br.com.letscode.cursosead.model.Curso): [Field error in object 'curso' on field 'alunos[].matricula': rejected value [AL5]; codes [Pattern.curso.alunos[].matricula,Pattern.curso.alunos.matricula,Pattern.alunos[].matricula,Pattern.alunos.matricula,Pattern.matricula,Pattern]; arguments [org.springframework.context.support.DefaultMessageSourceResolvable: codes [curso.alunos[].matricula,alunos[].matricula]; arguments []; default message [alunos[].matricula],[Ljavax.validation.constraints.Pattern$Flag;@3f148e33,^AL\d{4}$]; default message [Matrícula fora do padrão - formato: ALXXXX]] ]
2022-04-13 20:44:08.846 DEBUG 15123 --- [http-nio-8080-exec-4] b.c.l.cursosead.controller.CursoAdvice   : Erro no campo alunos[].matricula mensagem erro Matrícula fora do padrão - formato: ALXXXX
2022-04-13 20:44:08.849  WARN 15123 --- [http-nio-8080-exec-4] .m.m.a.ExceptionHandlerExceptionResolver : Resolved [org.springframework.web.bind.MethodArgumentNotValidException: Validation failed for argument [0] in public org.springframework.http.ResponseEntity br.com.letscode.cursosead.controller.CursoController.salvar(br.com.letscode.cursosead.model.Curso): [Field error in object 'curso' on field 'alunos[].matricula': rejected value [AL5]; codes [Pattern.curso.alunos[].matricula,Pattern.curso.alunos.matricula,Pattern.alunos[].matricula,Pattern.alunos.matricula,Pattern.matricula,Pattern]; arguments [org.springframework.context.support.DefaultMessageSourceResolvable: codes [curso.alunos[].matricula,alunos[].matricula]; arguments []; default message [alunos[].matricula],[Ljavax.validation.constraints.Pattern$Flag;@3f148e33,^AL\d{4}$]; default message [Matrícula fora do padrão - formato: ALXXXX]] ]
2022-04-13 21:45:37.991  INFO 15123 --- [SpringApplicationShutdownHook] j.LocalContainerEntityManagerFactoryBean : Closing JPA EntityManagerFactory for persistence unit 'default'
2022-04-13 21:45:38.239  WARN 15123 --- [SpringApplicationShutdownHook] o.s.b.f.support.DisposableBeanAdapter    : Invocation of destroy method failed on bean with name 'inMemoryDatabaseShutdownExecutor': org.h2.jdbc.JdbcSQLNonTransientConnectionException: Database is already closed (to disable automatic closing at VM shutdown, add ";DB_CLOSE_ON_EXIT=FALSE" to the db URL) [90121-200]
2022-04-13 21:45:38.239  INFO 15123 --- [SpringApplicationShutdownHook] com.zaxxer.hikari.HikariDataSource       : HikariPool-7 - Shutdown initiated...
2022-04-13 21:45:38.294  INFO 15123 --- [SpringApplicationShutdownHook] com.zaxxer.hikari.HikariDataSource       : HikariPool-7 - Shutdown completed.
